#
# There is insufficient memory for the Java Runtime Environment to continue.
# Native memory allocation (malloc) failed to allocate 1003056 bytes for Chunk::new
# Possible reasons:
#   The system is out of physical RAM or swap space
#   The process is running with CompressedOops enabled, and the Java Heap may be blocking the growth of the native heap
# Possible solutions:
#   Reduce memory load on the system
#   Increase physical memory or swap space
#   Check if swap backing store is full
#   Decrease Java heap size (-Xmx/-Xms)
#   Decrease number of Java threads
#   Decrease Java thread stack sizes (-Xss)
#   Set larger code cache with -XX:ReservedCodeCacheSize=
#   JVM is running with Unscaled Compressed Oops mode in which the Java heap is
#     placed in the first 4GB address space. The Java Heap base address is the
#     maximum limit for the native heap growth. Please use -XX:HeapBaseMinAddress
#     to set the Java Heap base and to place the Java Heap above 4GB virtual address.
# This output file may be truncated or incomplete.
#
#  Out of Memory Error (arena.cpp:189), pid=175744, tid=171480
#
# JRE version: OpenJDK Runtime Environment Temurin-17.0.6+10 (17.0.6+10) (build 17.0.6+10)
# Java VM: OpenJDK 64-Bit Server VM Temurin-17.0.6+10 (17.0.6+10, mixed mode, tiered, compressed oops, compressed class ptrs, g1 gc, windows-amd64)
# No core dump will be written. Minidumps are not enabled by default on client versions of Windows
#

---------------  S U M M A R Y ------------

Command Line: -agentlib:jdwp=transport=dt_socket,server=n,suspend=y,address=localhost:64339 -XX:+ShowCodeDetailsInExceptionMessages com.devsuperior.dsdeliver.DsdeliverApplication

Host: Intel(R) Core(TM) i5-5257U CPU @ 2.70GHz, 4 cores, 7G,  Windows 10 , 64 bit Build 19041 (10.0.19041.2546)
Time: Mon Mar  6 11:04:13 2023 Hora oficial do Brasil elapsed time: 15.679104 seconds (0d 0h 0m 15s)

---------------  T H R E A D  ---------------

Current thread (0x0000020dddc0dcb0):  JavaThread "C2 CompilerThread0" daemon [_thread_in_native, id=171480, stack(0x0000002e21800000,0x0000002e21900000)]


Current CompileTask:
C2:  15679 2825       4       org.springframework.beans.factory.support.AbstractBeanFactory::isTypeMatch (607 bytes)

Stack: [0x0000002e21800000,0x0000002e21900000]
Native frames: (J=compiled Java code, j=interpreted, Vv=VM code, C=native code)
V  [jvm.dll+0x67741a]
V  [jvm.dll+0x834434]
V  [jvm.dll+0x835bde]
V  [jvm.dll+0x836243]
V  [jvm.dll+0x2457b5]
V  [jvm.dll+0xabafc]
V  [jvm.dll+0xac0cc]
V  [jvm.dll+0x363492]
V  [jvm.dll+0x1bbb82]
V  [jvm.dll+0x218749]
V  [jvm.dll+0x217a11]
V  [jvm.dll+0x1a3d0d]
V  [jvm.dll+0x22742a]
V  [jvm.dll+0x225565]
V  [jvm.dll+0x7ea2cb]
V  [jvm.dll+0x7e483a]
V  [jvm.dll+0x6762c5]
C  [ucrtbase.dll+0x21bb2]
C  [KERNEL32.DLL+0x17614]
C  [ntdll.dll+0x526a1]


---------------  P R O C E S S  ---------------

Threads class SMR info:
_java_thread_list=0x0000020dde7922c0, length=15, elements={
0x0000020dc2404420, 0x0000020ddd02d740, 0x0000020ddd02e4c0, 0x0000020dddc095c0,
0x0000020dddc0be90, 0x0000020dddc0c750, 0x0000020dddc0d010, 0x0000020dddc0dcb0,
0x0000020dddc0e660, 0x0000020ddd0690e0, 0x0000020dddd8e340, 0x0000020dddd91000,
0x0000020dddd98c20, 0x0000020dddd99300, 0x0000020dddd99c10
}

Java Threads: ( => current thread )
  0x0000020dc2404420 JavaThread "main" [_thread_in_vm, id=176936, stack(0x0000002e20b00000,0x0000002e20c00000)]
  0x0000020ddd02d740 JavaThread "Reference Handler" daemon [_thread_blocked, id=173216, stack(0x0000002e21200000,0x0000002e21300000)]
  0x0000020ddd02e4c0 JavaThread "Finalizer" daemon [_thread_blocked, id=175980, stack(0x0000002e21300000,0x0000002e21400000)]
  0x0000020dddc095c0 JavaThread "Signal Dispatcher" daemon [_thread_blocked, id=133376, stack(0x0000002e21400000,0x0000002e21500000)]
  0x0000020dddc0be90 JavaThread "Attach Listener" daemon [_thread_blocked, id=148504, stack(0x0000002e21500000,0x0000002e21600000)]
  0x0000020dddc0c750 JavaThread "Service Thread" daemon [_thread_blocked, id=170024, stack(0x0000002e21600000,0x0000002e21700000)]
  0x0000020dddc0d010 JavaThread "Monitor Deflation Thread" daemon [_thread_blocked, id=164368, stack(0x0000002e21700000,0x0000002e21800000)]
=>0x0000020dddc0dcb0 JavaThread "C2 CompilerThread0" daemon [_thread_in_native, id=171480, stack(0x0000002e21800000,0x0000002e21900000)]
  0x0000020dddc0e660 JavaThread "C1 CompilerThread0" daemon [_thread_blocked, id=174092, stack(0x0000002e21900000,0x0000002e21a00000)]
  0x0000020ddd0690e0 JavaThread "Sweeper thread" daemon [_thread_blocked, id=173348, stack(0x0000002e21a00000,0x0000002e21b00000)]
  0x0000020dddd8e340 JavaThread "JDWP Transport Listener: dt_socket" daemon [_thread_blocked, id=158192, stack(0x0000002e21b00000,0x0000002e21c00000)]
  0x0000020dddd91000 JavaThread "JDWP Event Helper Thread" daemon [_thread_blocked, id=170684, stack(0x0000002e21c00000,0x0000002e21d00000)]
  0x0000020dddd98c20 JavaThread "JDWP Command Reader" daemon [_thread_in_native, id=177356, stack(0x0000002e21d00000,0x0000002e21e00000)]
  0x0000020dddd99300 JavaThread "Notification Thread" daemon [_thread_blocked, id=166980, stack(0x0000002e21e00000,0x0000002e21f00000)]
  0x0000020dddd99c10 JavaThread "Common-Cleaner" daemon [_thread_blocked, id=177324, stack(0x0000002e22000000,0x0000002e22100000)]

Other Threads:
  0x0000020ddd016030 VMThread "VM Thread" [stack: 0x0000002e21100000,0x0000002e21200000] [id=166964]
  0x0000020dddd997d0 WatcherThread [stack: 0x0000002e21f00000,0x0000002e22000000] [id=108636]
  0x0000020dc2467e70 GCTaskThread "GC Thread#0" [stack: 0x0000002e20c00000,0x0000002e20d00000] [id=155280]
  0x0000020ddeaa79c0 GCTaskThread "GC Thread#1" [stack: 0x0000002e22100000,0x0000002e22200000] [id=169772]
  0x0000020dde7ca7b0 GCTaskThread "GC Thread#2" [stack: 0x0000002e22200000,0x0000002e22300000] [id=177696]
  0x0000020ddeab76c0 GCTaskThread "GC Thread#3" [stack: 0x0000002e22300000,0x0000002e22400000] [id=175716]
  0x0000020dc2478a40 ConcurrentGCThread "G1 Main Marker" [stack: 0x0000002e20d00000,0x0000002e20e00000] [id=162324]
  0x0000020dc2479360 ConcurrentGCThread "G1 Conc#0" [stack: 0x0000002e20e00000,0x0000002e20f00000] [id=178104]
  0x0000020dc24cd1e0 ConcurrentGCThread "G1 Refine#0" [stack: 0x0000002e20f00000,0x0000002e21000000] [id=170808]
  0x0000020ddeab7300 ConcurrentGCThread "G1 Refine#1" [stack: 0x0000002e22400000,0x0000002e22500000] [id=171144]
  0x0000020dc24cdb10 ConcurrentGCThread "G1 Service" [stack: 0x0000002e21000000,0x0000002e21100000] [id=175988]

Threads with active compile tasks:
C2 CompilerThread0    15724 2825       4       org.springframework.beans.factory.support.AbstractBeanFactory::isTypeMatch (607 bytes)

VM state: not at safepoint (normal execution)

VM Mutex/Monitor currently owned by a thread: None

Heap address: 0x0000000081400000, size: 2028 MB, Compressed Oops mode: 32-bit

CDS archive(s) not mapped
Compressed class space mapped at: 0x0000000100000000-0x0000000140000000, reserved size: 1073741824
Narrow klass base: 0x0000000000000000, Narrow klass shift: 3, Narrow klass range: 0x140000000

GC Precious Log:
 CPUs: 4 total, 4 available
 Memory: 8107M
 Large Page Support: Disabled
 NUMA Support: Disabled
 Compressed Oops: Enabled (32-bit)
 Heap Region Size: 1M
 Heap Min Capacity: 8M
 Heap Initial Capacity: 128M
 Heap Max Capacity: 2028M
 Pre-touch: Disabled
 Parallel Workers: 4
 Concurrent Workers: 1
 Concurrent Refinement Workers: 4
 Periodic GC: Disabled

Heap:
 garbage-first heap   total 34816K, used 18827K [0x0000000081400000, 0x0000000100000000)
  region size 1024K, 10 young (10240K), 1 survivors (1024K)
 Metaspace       used 26825K, committed 27136K, reserved 1073152K
  class space    used 3167K, committed 3328K, reserved 1048576K

Heap Regions: E=young(eden), S=young(survivor), O=old, HS=humongous(starts), HC=humongous(continues), CS=collection set, F=free, OA=open archive, CA=closed archive, TAMS=top-at-mark-start (previous, next)
|   0|0x0000000081400000, 0x0000000081500000, 0x0000000081500000|100%|HS|  |TAMS 0x0000000081500000, 0x0000000081400000| Complete 
|   1|0x0000000081500000, 0x0000000081600000, 0x0000000081600000|100%| O|  |TAMS 0x0000000081600000, 0x0000000081500000| Untracked 
|   2|0x0000000081600000, 0x0000000081700000, 0x0000000081700000|100%| O|  |TAMS 0x0000000081700000, 0x0000000081600000| Untracked 
|   3|0x0000000081700000, 0x0000000081800000, 0x0000000081800000|100%| O|  |TAMS 0x0000000081800000, 0x0000000081700000| Untracked 
|   4|0x0000000081800000, 0x0000000081900000, 0x0000000081900000|100%| O|  |TAMS 0x0000000081900000, 0x0000000081800000| Untracked 
|   5|0x0000000081900000, 0x00000000819fc600, 0x0000000081a00000| 98%| O|  |TAMS 0x00000000819fc600, 0x0000000081900000| Untracked 
|   6|0x0000000081a00000, 0x0000000081b00000, 0x0000000081b00000|100%| O|  |TAMS 0x0000000081a00000, 0x0000000081a00000| Untracked 
|   7|0x0000000081b00000, 0x0000000081c00000, 0x0000000081c00000|100%| O|  |TAMS 0x0000000081b00000, 0x0000000081b00000| Untracked 
|   8|0x0000000081c00000, 0x0000000081d00000, 0x0000000081d00000|100%| O|  |TAMS 0x0000000081c00000, 0x0000000081c00000| Untracked 
|   9|0x0000000081d00000, 0x0000000081d00000, 0x0000000081e00000|  0%| F|  |TAMS 0x0000000081d00000, 0x0000000081d00000| Untracked 
|  10|0x0000000081e00000, 0x0000000081e00000, 0x0000000081f00000|  0%| F|  |TAMS 0x0000000081e00000, 0x0000000081e00000| Untracked 
|  11|0x0000000081f00000, 0x0000000081f00000, 0x0000000082000000|  0%| F|  |TAMS 0x0000000081f00000, 0x0000000081f00000| Untracked 
|  12|0x0000000082000000, 0x0000000082000000, 0x0000000082100000|  0%| F|  |TAMS 0x0000000082000000, 0x0000000082000000| Untracked 
|  13|0x0000000082100000, 0x0000000082166800, 0x0000000082200000| 40%| O|  |TAMS 0x0000000082100000, 0x0000000082100000| Untracked 
|  14|0x0000000082200000, 0x0000000082200000, 0x0000000082300000|  0%| F|  |TAMS 0x0000000082200000, 0x0000000082200000| Untracked 
|  15|0x0000000082300000, 0x0000000082300000, 0x0000000082400000|  0%| F|  |TAMS 0x0000000082300000, 0x0000000082300000| Untracked 
|  16|0x0000000082400000, 0x0000000082400000, 0x0000000082500000|  0%| F|  |TAMS 0x0000000082400000, 0x0000000082400000| Untracked 
|  17|0x0000000082500000, 0x0000000082500000, 0x0000000082600000|  0%| F|  |TAMS 0x0000000082500000, 0x0000000082500000| Untracked 
|  18|0x0000000082600000, 0x0000000082600000, 0x0000000082700000|  0%| F|  |TAMS 0x0000000082600000, 0x0000000082600000| Untracked 
|  19|0x0000000082700000, 0x0000000082700000, 0x0000000082800000|  0%| F|  |TAMS 0x0000000082700000, 0x0000000082700000| Untracked 
|  20|0x0000000082800000, 0x0000000082900000, 0x0000000082900000|100%| S|CS|TAMS 0x0000000082800000, 0x0000000082800000| Complete 
|  21|0x0000000082900000, 0x0000000082900000, 0x0000000082a00000|  0%| F|  |TAMS 0x0000000082900000, 0x0000000082900000| Untracked 
|  22|0x0000000082a00000, 0x0000000082a00000, 0x0000000082b00000|  0%| F|  |TAMS 0x0000000082a00000, 0x0000000082a00000| Untracked 
|  23|0x0000000082b00000, 0x0000000082b00000, 0x0000000082c00000|  0%| F|  |TAMS 0x0000000082b00000, 0x0000000082b00000| Untracked 
|  24|0x0000000082c00000, 0x0000000082c00000, 0x0000000082d00000|  0%| F|  |TAMS 0x0000000082c00000, 0x0000000082c00000| Untracked 
|  25|0x0000000082d00000, 0x0000000082e00000, 0x0000000082e00000|100%| E|  |TAMS 0x0000000082d00000, 0x0000000082d00000| Complete 
|  26|0x0000000082e00000, 0x0000000082f00000, 0x0000000082f00000|100%| E|CS|TAMS 0x0000000082e00000, 0x0000000082e00000| Complete 
|  27|0x0000000082f00000, 0x0000000083000000, 0x0000000083000000|100%| E|CS|TAMS 0x0000000082f00000, 0x0000000082f00000| Complete 
|  28|0x0000000083000000, 0x0000000083100000, 0x0000000083100000|100%| E|CS|TAMS 0x0000000083000000, 0x0000000083000000| Complete 
|  29|0x0000000083100000, 0x0000000083200000, 0x0000000083200000|100%| E|CS|TAMS 0x0000000083100000, 0x0000000083100000| Complete 
| 123|0x0000000088f00000, 0x0000000089000000, 0x0000000089000000|100%| E|CS|TAMS 0x0000000088f00000, 0x0000000088f00000| Complete 
| 124|0x0000000089000000, 0x0000000089100000, 0x0000000089100000|100%| E|CS|TAMS 0x0000000089000000, 0x0000000089000000| Complete 
| 125|0x0000000089100000, 0x0000000089200000, 0x0000000089200000|100%| E|CS|TAMS 0x0000000089100000, 0x0000000089100000| Complete 
| 127|0x0000000089300000, 0x0000000089400000, 0x0000000089400000|100%| E|CS|TAMS 0x0000000089300000, 0x0000000089300000| Complete 

Card table byte_map: [0x0000020dd62c0000,0x0000020dd66c0000] _byte_map_base: 0x0000020dd5eb6000

Marking Bits (Prev, Next): (CMBitMap*) 0x0000020dc24683d0, (CMBitMap*) 0x0000020dc2468390
 Prev Bits: [0x0000020dd8a70000, 0x0000020ddaa20000)
 Next Bits: [0x0000020dd6ac0000, 0x0000020dd8a70000)

Polling page: 0x0000020dc21d0000

Metaspace:

Usage:
  Non-class:     23.10 MB used.
      Class:      3.09 MB used.
       Both:     26.20 MB used.

Virtual space:
  Non-class space:       24.00 MB reserved,      23.25 MB ( 97%) committed,  3 nodes.
      Class space:        1.00 GB reserved,       3.25 MB ( <1%) committed,  1 nodes.
             Both:        1.02 GB reserved,      26.50 MB (  3%) committed. 

Chunk freelists:
   Non-Class:  304.00 KB
       Class:  816.00 KB
        Both:  1.09 MB

MaxMetaspaceSize: unlimited
CompressedClassSpaceSize: 1.00 GB
Initial GC threshold: 21.00 MB
Current GC threshold: 35.25 MB
CDS: off
MetaspaceReclaimPolicy: balanced
 - commit_granule_bytes: 65536.
 - commit_granule_words: 8192.
 - virtual_space_node_default_size: 1048576.
 - enlarge_chunks_in_place: 1.
 - new_chunks_are_fully_committed: 0.
 - uncommit_free_chunks: 1.
 - use_allocation_guard: 0.
 - handle_deallocations: 1.


Internal statistics:

num_allocs_failed_limit: 3.
num_arena_births: 212.
num_arena_deaths: 0.
num_vsnodes_births: 4.
num_vsnodes_deaths: 0.
num_space_committed: 424.
num_space_uncommitted: 0.
num_chunks_returned_to_freelist: 3.
num_chunks_taken_from_freelist: 897.
num_chunk_merges: 0.
num_chunk_splits: 600.
num_chunks_enlarged: 463.
num_purges: 0.
num_inconsistent_stats: 0.

CodeHeap 'non-profiled nmethods': size=120000Kb used=1320Kb max_used=1320Kb free=118679Kb
 bounds [0x0000020dce370000, 0x0000020dce5e0000, 0x0000020dd58a0000]
CodeHeap 'profiled nmethods': size=120000Kb used=6222Kb max_used=6222Kb free=113777Kb
 bounds [0x0000020dc68a0000, 0x0000020dc6ec0000, 0x0000020dcddd0000]
CodeHeap 'non-nmethods': size=5760Kb used=1239Kb max_used=1296Kb free=4520Kb
 bounds [0x0000020dcddd0000, 0x0000020dce040000, 0x0000020dce370000]
 total_blobs=3292 nmethods=2831 adapters=373
 compilation: enabled
              stopped_count=0, restarted_count=0
 full_count=0

Compilation events (20 events):
Event: 15.081 Thread 0x0000020dddc0e660 nmethod 2824 0x0000020dc6ea0d90 code [0x0000020dc6ea0f60, 0x0000020dc6ea1428]
Event: 15.084 Thread 0x0000020dddc0dcb0 2825       4       org.springframework.beans.factory.support.AbstractBeanFactory::isTypeMatch (607 bytes)
Event: 15.269 Thread 0x0000020dddc0e660 2827       1       java.util.Collections$SingletonSet::size (2 bytes)
Event: 15.270 Thread 0x0000020dddc0e660 nmethod 2827 0x0000020dce4b9f10 code [0x0000020dce4ba0a0, 0x0000020dce4ba178]
Event: 15.273 Thread 0x0000020dddc0e660 2828       3       org.springframework.core.annotation.AnnotationTypeMapping::areEquivalent (87 bytes)
Event: 15.274 Thread 0x0000020dddc0e660 nmethod 2828 0x0000020dc6ea1610 code [0x0000020dc6ea1880, 0x0000020dc6ea2748]
Event: 15.286 Thread 0x0000020dddc0e660 2830   !   3       org.springframework.beans.factory.support.DefaultListableBeanFactory::doGetBeanNamesForType (511 bytes)
Event: 15.296 Thread 0x0000020dddc0e660 nmethod 2830 0x0000020dc6ea2990 code [0x0000020dc6ea3120, 0x0000020dc6ea8df8]
Event: 15.297 Thread 0x0000020dddc0e660 2831       3       org.springframework.util.ReflectionUtils::isCglibRenamedMethod (79 bytes)
Event: 15.299 Thread 0x0000020dddc0e660 nmethod 2831 0x0000020dc6eab010 code [0x0000020dc6eab320, 0x0000020dc6eac508]
Event: 15.299 Thread 0x0000020dddc0e660 2832       3       java.util.Collections$UnmodifiableMap::keySet (28 bytes)
Event: 15.300 Thread 0x0000020dddc0e660 nmethod 2832 0x0000020dc6eacc90 code [0x0000020dc6eace80, 0x0000020dc6ead498]
Event: 15.308 Thread 0x0000020dddc0e660 2833       3       org.springframework.boot.autoconfigure.condition.ConditionEvaluationReport$ConditionAndOutcome::<init> (15 bytes)
Event: 15.308 Thread 0x0000020dddc0e660 nmethod 2833 0x0000020dc6ead690 code [0x0000020dc6ead840, 0x0000020dc6eada58]
Event: 15.309 Thread 0x0000020dddc0e660 2834       3       org.springframework.boot.autoconfigure.condition.ConditionEvaluationReport$ConditionAndOutcome::hashCode (22 bytes)
Event: 15.309 Thread 0x0000020dddc0e660 nmethod 2834 0x0000020dc6eadb10 code [0x0000020dc6eadce0, 0x0000020dc6eae078]
Event: 15.309 Thread 0x0000020dddc0e660 2835       3       org.springframework.boot.autoconfigure.condition.ConditionOutcome::hashCode (19 bytes)
Event: 15.309 Thread 0x0000020dddc0e660 nmethod 2835 0x0000020dc6eae210 code [0x0000020dc6eae3c0, 0x0000020dc6eae5c8]
Event: 15.309 Thread 0x0000020dddc0e660 2836       3       org.springframework.boot.autoconfigure.condition.ConditionMessage::hashCode (8 bytes)
Event: 15.310 Thread 0x0000020dddc0e660 nmethod 2836 0x0000020dc6eae690 code [0x0000020dc6eae820, 0x0000020dc6eae968]

GC Heap History (12 events):
Event: 2.160 GC heap before
{Heap before GC invocations=0 (full 0):
 garbage-first heap   total 131072K, used 13312K [0x0000000081400000, 0x0000000100000000)
  region size 1024K, 13 young (13312K), 0 survivors (0K)
 Metaspace       used 9698K, committed 9856K, reserved 1064960K
  class space    used 972K, committed 1088K, reserved 1048576K
}
Event: 2.173 GC heap after
{Heap after GC invocations=1 (full 0):
 garbage-first heap   total 131072K, used 6012K [0x0000000081400000, 0x0000000100000000)
  region size 1024K, 2 young (2048K), 2 survivors (2048K)
 Metaspace       used 9698K, committed 9856K, reserved 1064960K
  class space    used 972K, committed 1088K, reserved 1048576K
}
Event: 3.078 GC heap before
{Heap before GC invocations=1 (full 0):
 garbage-first heap   total 131072K, used 15228K [0x0000000081400000, 0x0000000100000000)
  region size 1024K, 11 young (11264K), 2 survivors (2048K)
 Metaspace       used 13253K, committed 13440K, reserved 1064960K
  class space    used 1428K, committed 1472K, reserved 1048576K
}
Event: 3.083 GC heap after
{Heap after GC invocations=2 (full 0):
 garbage-first heap   total 131072K, used 7003K [0x0000000081400000, 0x0000000100000000)
  region size 1024K, 1 young (1024K), 1 survivors (1024K)
 Metaspace       used 13253K, committed 13440K, reserved 1064960K
  class space    used 1428K, committed 1472K, reserved 1048576K
}
Event: 6.598 GC heap before
{Heap before GC invocations=2 (full 0):
 garbage-first heap   total 131072K, used 33627K [0x0000000081400000, 0x0000000100000000)
  region size 1024K, 28 young (28672K), 1 survivors (1024K)
 Metaspace       used 20950K, committed 21120K, reserved 1073152K
  class space    used 2422K, committed 2496K, reserved 1048576K
}
Event: 6.604 GC heap after
{Heap after GC invocations=3 (full 0):
 garbage-first heap   total 131072K, used 8446K [0x0000000081400000, 0x0000000100000000)
  region size 1024K, 3 young (3072K), 3 survivors (3072K)
 Metaspace       used 20950K, committed 21120K, reserved 1073152K
  class space    used 2422K, committed 2496K, reserved 1048576K
}
Event: 7.018 GC heap before
{Heap before GC invocations=3 (full 0):
 garbage-first heap   total 131072K, used 9470K [0x0000000081400000, 0x0000000100000000)
  region size 1024K, 5 young (5120K), 3 survivors (3072K)
 Metaspace       used 21312K, committed 21504K, reserved 1073152K
  class space    used 2467K, committed 2560K, reserved 1048576K
}
Event: 7.023 GC heap after
{Heap after GC invocations=4 (full 0):
 garbage-first heap   total 131072K, used 8545K [0x0000000081400000, 0x0000000100000000)
  region size 1024K, 3 young (3072K), 3 survivors (3072K)
 Metaspace       used 21312K, committed 21504K, reserved 1073152K
  class space    used 2467K, committed 2560K, reserved 1048576K
}
Event: 9.044 GC heap before
{Heap before GC invocations=5 (full 0):
 garbage-first heap   total 34816K, used 25953K [0x0000000081400000, 0x0000000100000000)
  region size 1024K, 21 young (21504K), 3 survivors (3072K)
 Metaspace       used 23795K, committed 24000K, reserved 1073152K
  class space    used 2754K, committed 2880K, reserved 1048576K
}
Event: 9.055 GC heap after
{Heap after GC invocations=6 (full 0):
 garbage-first heap   total 34816K, used 10063K [0x0000000081400000, 0x0000000100000000)
  region size 1024K, 4 young (4096K), 4 survivors (4096K)
 Metaspace       used 23795K, committed 24000K, reserved 1073152K
  class space    used 2754K, committed 2880K, reserved 1048576K
}
Event: 11.345 GC heap before
{Heap before GC invocations=6 (full 0):
 garbage-first heap   total 34816K, used 23375K [0x0000000081400000, 0x0000000100000000)
  region size 1024K, 17 young (17408K), 4 survivors (4096K)
 Metaspace       used 25451K, committed 25728K, reserved 1073152K
  class space    used 2966K, committed 3072K, reserved 1048576K
}
Event: 11.358 GC heap after
{Heap after GC invocations=7 (full 0):
 garbage-first heap   total 34816K, used 10635K [0x0000000081400000, 0x0000000100000000)
  region size 1024K, 1 young (1024K), 1 survivors (1024K)
 Metaspace       used 25451K, committed 25728K, reserved 1073152K
  class space    used 2966K, committed 3072K, reserved 1048576K
}

Dll operation events (8 events):
Event: 0.023 Loaded shared library C:\Users\Bluiz\.vscode\extensions\redhat.java-1.15.0-win32-x64\jre\17.0.6-win32-x86_64\bin\java.dll
Event: 0.807 Loaded shared library C:\Users\Bluiz\.vscode\extensions\redhat.java-1.15.0-win32-x64\jre\17.0.6-win32-x86_64\bin\net.dll
Event: 0.811 Loaded shared library C:\Users\Bluiz\.vscode\extensions\redhat.java-1.15.0-win32-x64\jre\17.0.6-win32-x86_64\bin\nio.dll
Event: 0.874 Loaded shared library C:\Users\Bluiz\.vscode\extensions\redhat.java-1.15.0-win32-x64\jre\17.0.6-win32-x86_64\bin\zip.dll
Event: 1.247 Loaded shared library C:\Users\Bluiz\.vscode\extensions\redhat.java-1.15.0-win32-x64\jre\17.0.6-win32-x86_64\bin\verify.dll
Event: 1.264 Loaded shared library C:\Users\Bluiz\.vscode\extensions\redhat.java-1.15.0-win32-x64\jre\17.0.6-win32-x86_64\bin\jimage.dll
Event: 3.594 Loaded shared library C:\Users\Bluiz\.vscode\extensions\redhat.java-1.15.0-win32-x64\jre\17.0.6-win32-x86_64\bin\management.dll
Event: 3.603 Loaded shared library C:\Users\Bluiz\.vscode\extensions\redhat.java-1.15.0-win32-x64\jre\17.0.6-win32-x86_64\bin\management_ext.dll

Deoptimization events (20 events):
Event: 14.367 Thread 0x0000020dc2404420 DEOPT PACKING pc=0x0000020dc6a402a4 sp=0x0000002e20bfe430
Event: 14.367 Thread 0x0000020dc2404420 DEOPT UNPACKING pc=0x0000020dcde27143 sp=0x0000002e20bfd920 mode 1
Event: 14.375 Thread 0x0000020dc2404420 DEOPT PACKING pc=0x0000020dc69baf54 sp=0x0000002e20bfd970
Event: 14.375 Thread 0x0000020dc2404420 DEOPT UNPACKING pc=0x0000020dcde27143 sp=0x0000002e20bfce08 mode 1
Event: 14.375 Thread 0x0000020dc2404420 DEOPT PACKING pc=0x0000020dc69b7dd4 sp=0x0000002e20bfda40
Event: 14.375 Thread 0x0000020dc2404420 DEOPT UNPACKING pc=0x0000020dcde27143 sp=0x0000002e20bfcef8 mode 1
Event: 14.375 Thread 0x0000020dc2404420 DEOPT PACKING pc=0x0000020dc6a402a4 sp=0x0000002e20bfe430
Event: 14.375 Thread 0x0000020dc2404420 DEOPT UNPACKING pc=0x0000020dcde27143 sp=0x0000002e20bfd920 mode 1
Event: 14.375 Thread 0x0000020dc2404420 DEOPT PACKING pc=0x0000020dc69baf54 sp=0x0000002e20bfd970
Event: 14.375 Thread 0x0000020dc2404420 DEOPT UNPACKING pc=0x0000020dcde27143 sp=0x0000002e20bfce08 mode 1
Event: 14.375 Thread 0x0000020dc2404420 DEOPT PACKING pc=0x0000020dc69b7dd4 sp=0x0000002e20bfda40
Event: 14.375 Thread 0x0000020dc2404420 DEOPT UNPACKING pc=0x0000020dcde27143 sp=0x0000002e20bfcef8 mode 1
Event: 14.375 Thread 0x0000020dc2404420 DEOPT PACKING pc=0x0000020dc6a402a4 sp=0x0000002e20bfe430
Event: 14.375 Thread 0x0000020dc2404420 DEOPT UNPACKING pc=0x0000020dcde27143 sp=0x0000002e20bfd920 mode 1
Event: 14.375 Thread 0x0000020dc2404420 DEOPT PACKING pc=0x0000020dc69baf54 sp=0x0000002e20bfd970
Event: 14.375 Thread 0x0000020dc2404420 DEOPT UNPACKING pc=0x0000020dcde27143 sp=0x0000002e20bfce08 mode 1
Event: 14.375 Thread 0x0000020dc2404420 DEOPT PACKING pc=0x0000020dc69b7dd4 sp=0x0000002e20bfda40
Event: 14.375 Thread 0x0000020dc2404420 DEOPT UNPACKING pc=0x0000020dcde27143 sp=0x0000002e20bfcef8 mode 1
Event: 14.376 Thread 0x0000020dc2404420 DEOPT PACKING pc=0x0000020dc6a402a4 sp=0x0000002e20bfe430
Event: 14.376 Thread 0x0000020dc2404420 DEOPT UNPACKING pc=0x0000020dcde27143 sp=0x0000002e20bfd920 mode 1

Classes unloaded (0 events):
No events

Classes redefined (0 events):
No events

Internal exceptions (20 events):
Event: 6.312 Thread 0x0000020dded3e470 Exception <a 'java/lang/NoSuchMethodError'{0x000000008780ec78}: 'java.lang.Object java.lang.invoke.DirectMethodHandle$Holder.invokeVirtual(java.lang.Object, java.lang.Object, java.lang.Object, java.lang.Object)'> (0x000000008780ec78) 
thrown [s\src\hotspot\share\interpreter\linkResolver.cpp, line 759]
Event: 7.028 Thread 0x0000020dc2404420 Exception <a 'java/lang/ClassNotFoundException'{0x0000000089305748}: java/lang/ObjectCustomizer> (0x0000000089305748) 
thrown [s\src\hotspot\share\classfile\systemDictionary.cpp, line 256]
Event: 7.037 Thread 0x0000020dc2404420 Exception <a 'java/lang/IncompatibleClassChangeError'{0x000000008930a5e8}: Found class java.lang.Object, but interface was expected> (0x000000008930a5e8) 
thrown [s\src\hotspot\share\interpreter\linkResolver.cpp, line 826]
Event: 7.045 Thread 0x0000020dc2404420 Exception <a 'java/lang/ClassNotFoundException'{0x00000000893290b8}: org/springframework/context/annotation/ConfigurationClassPostProcessorCustomizer> (0x00000000893290b8) 
thrown [s\src\hotspot\share\classfile\systemDictionary.cpp, line 256]
Event: 7.051 Thread 0x0000020dc2404420 Exception <a 'java/lang/ClassNotFoundException'{0x0000000089346d58}: org/springframework/beans/factory/support/BeanDefinitionRegistryPostProcessorCustomizer> (0x0000000089346d58) 
thrown [s\src\hotspot\share\classfile\systemDictionary.cpp, line 256]
Event: 7.052 Thread 0x0000020dc2404420 Exception <a 'java/lang/ClassNotFoundException'{0x000000008934b548}: org/springframework/beans/factory/config/BeanFactoryPostProcessorCustomizer> (0x000000008934b548) 
thrown [s\src\hotspot\share\classfile\systemDictionary.cpp, line 256]
Event: 7.053 Thread 0x0000020dc2404420 Exception <a 'java/lang/ClassNotFoundException'{0x000000008934fb80}: org/springframework/core/PriorityOrderedCustomizer> (0x000000008934fb80) 
thrown [s\src\hotspot\share\classfile\systemDictionary.cpp, line 256]
Event: 7.054 Thread 0x0000020dc2404420 Exception <a 'java/lang/ClassNotFoundException'{0x0000000089352e30}: org/springframework/core/OrderedCustomizer> (0x0000000089352e30) 
thrown [s\src\hotspot\share\classfile\systemDictionary.cpp, line 256]
Event: 7.055 Thread 0x0000020dc2404420 Exception <a 'java/lang/ClassNotFoundException'{0x00000000893572c8}: org/springframework/context/ResourceLoaderAwareCustomizer> (0x00000000893572c8) 
thrown [s\src\hotspot\share\classfile\systemDictionary.cpp, line 256]
Event: 7.079 Thread 0x0000020dc2404420 Exception <a 'java/lang/ClassNotFoundException'{0x000000008935b8e8}: org/springframework/beans/factory/AwareCustomizer> (0x000000008935b8e8) 
thrown [s\src\hotspot\share\classfile\systemDictionary.cpp, line 256]
Event: 7.081 Thread 0x0000020dc2404420 Exception <a 'java/lang/ClassNotFoundException'{0x000000008935eeb0}: org/springframework/context/ApplicationStartupAwareCustomizer> (0x000000008935eeb0) 
thrown [s\src\hotspot\share\classfile\systemDictionary.cpp, line 256]
Event: 7.083 Thread 0x0000020dc2404420 Exception <a 'java/lang/ClassNotFoundException'{0x0000000089363758}: org/springframework/beans/factory/AwareCustomizer> (0x0000000089363758) 
thrown [s\src\hotspot\share\classfile\systemDictionary.cpp, line 256]
Event: 7.084 Thread 0x0000020dc2404420 Exception <a 'java/lang/ClassNotFoundException'{0x0000000089366d68}: org/springframework/beans/factory/BeanClassLoaderAwareCustomizer> (0x0000000089366d68) 
thrown [s\src\hotspot\share\classfile\systemDictionary.cpp, line 256]
Event: 7.089 Thread 0x0000020dc2404420 Exception <a 'java/lang/ClassNotFoundException'{0x000000008936c3c8}: org/springframework/beans/factory/AwareCustomizer> (0x000000008936c3c8) 
thrown [s\src\hotspot\share\classfile\systemDictionary.cpp, line 256]
Event: 7.090 Thread 0x0000020dc2404420 Exception <a 'java/lang/ClassNotFoundException'{0x000000008936f778}: org/springframework/context/EnvironmentAwareCustomizer> (0x000000008936f778) 
thrown [s\src\hotspot\share\classfile\systemDictionary.cpp, line 256]
Event: 7.092 Thread 0x0000020dc2404420 Exception <a 'java/lang/ClassNotFoundException'{0x0000000089373d18}: org/springframework/beans/factory/AwareCustomizer> (0x0000000089373d18) 
thrown [s\src\hotspot\share\classfile\systemDictionary.cpp, line 256]
Event: 7.155 Thread 0x0000020dc2404420 Exception <a 'java/lang/NoSuchMethodError'{0x00000000831a2908}: 'java.lang.Object java.lang.invoke.DirectMethodHandle$Holder.invokeVirtual(java.lang.Object, java.lang.Object, java.lang.Object)'> (0x00000000831a2908) 
thrown [s\src\hotspot\share\interpreter\linkResolver.cpp, line 759]
Event: 8.132 Thread 0x0000020dc2404420 Exception <a 'java/lang/IncompatibleClassChangeError'{0x000000008281f0c8}: Found class java.lang.Object, but interface was expected> (0x000000008281f0c8) 
thrown [s\src\hotspot\share\interpreter\linkResolver.cpp, line 826]
Event: 8.300 Thread 0x0000020dc2404420 Exception <a 'java/lang/NoSuchMethodError'{0x000000008276ff00}: 'void java.lang.invoke.DirectMethodHandle$Holder.invokeInterface(java.lang.Object, java.lang.Object, java.lang.Object, java.lang.Object)'> (0x000000008276ff00) 
thrown [s\src\hotspot\share\interpreter\linkResolver.cpp, line 759]
Event: 12.749 Thread 0x0000020dc2404420 Exception <a 'java/lang/NoSuchMethodError'{0x0000000088f48cc0}: 'java.lang.Object java.lang.invoke.DirectMethodHandle$Holder.invokeStatic(java.lang.Object, java.lang.Object, java.lang.Object, java.lang.Object, int)'> (0x0000000088f48cc0) 
thrown [s\src\hotspot\share\interpreter\linkResolver.cpp, line 759]

VM Operations (20 events):
Event: 9.589 Executing VM operation: HandshakeAllThreads
Event: 9.589 Executing VM operation: HandshakeAllThreads done
Event: 10.592 Executing VM operation: Cleanup
Event: 10.700 Executing VM operation: Cleanup done
Event: 11.345 Executing VM operation: G1CollectForAllocation
Event: 11.358 Executing VM operation: G1CollectForAllocation done
Event: 12.363 Executing VM operation: Cleanup
Event: 12.364 Executing VM operation: Cleanup done
Event: 12.483 Executing VM operation: HandshakeAllThreads
Event: 12.484 Executing VM operation: HandshakeAllThreads done
Event: 12.484 Executing VM operation: HandshakeAllThreads
Event: 12.484 Executing VM operation: HandshakeAllThreads done
Event: 12.729 Executing VM operation: HandshakeAllThreads
Event: 12.729 Executing VM operation: HandshakeAllThreads done
Event: 13.250 Executing VM operation: HandshakeAllThreads
Event: 13.250 Executing VM operation: HandshakeAllThreads done
Event: 14.257 Executing VM operation: Cleanup
Event: 14.257 Executing VM operation: Cleanup done
Event: 15.268 Executing VM operation: Cleanup
Event: 15.268 Executing VM operation: Cleanup done

Events (20 events):
Event: 11.361 loading class java/lang/ClassFormatError done
Event: 11.361 loading class java/lang/UnsupportedClassVersionError done
Event: 12.745 loading class java/util/stream/Streams$RangeIntSpliterator
Event: 12.746 loading class java/util/stream/Streams$RangeIntSpliterator done
Event: 12.746 loading class java/util/function/IntFunction
Event: 12.746 loading class java/util/function/IntFunction done
Event: 12.750 loading class java/util/stream/IntPipeline$1
Event: 12.750 loading class java/util/stream/IntPipeline$1 done
Event: 12.751 loading class java/util/stream/IntPipeline$1$1
Event: 12.751 loading class java/util/stream/IntPipeline$1$1 done
Event: 12.867 loading class java/util/stream/Streams$ConcatSpliterator$OfRef
Event: 12.867 loading class java/util/stream/Streams$ConcatSpliterator
Event: 12.868 loading class java/util/stream/Streams$ConcatSpliterator done
Event: 12.868 loading class java/util/stream/Streams$ConcatSpliterator$OfRef done
Event: 12.868 loading class java/util/stream/Streams$2
Event: 12.868 loading class java/util/stream/Streams$2 done
Event: 13.244 loading class java/util/stream/ReferencePipeline$15
Event: 13.244 loading class java/util/stream/ReferencePipeline$15 done
Event: 13.246 loading class java/util/stream/ReferencePipeline$15$1
Event: 13.246 loading class java/util/stream/ReferencePipeline$15$1 done


Dynamic libraries:
0x00007ff7ddf60000 - 0x00007ff7ddf6e000 	C:\Users\Bluiz\.vscode\extensions\redhat.java-1.15.0-win32-x64\jre\17.0.6-win32-x86_64\bin\java.exe
0x00007ffa15fb0000 - 0x00007ffa161a8000 	C:\WINDOWS\SYSTEM32\ntdll.dll
0x00007ffa14030000 - 0x00007ffa140ef000 	C:\WINDOWS\System32\KERNEL32.DLL
0x00007ffa137f0000 - 0x00007ffa13ac2000 	C:\WINDOWS\System32\KERNELBASE.dll
0x00007ffa13c10000 - 0x00007ffa13d10000 	C:\WINDOWS\System32\ucrtbase.dll
0x00007ffa11700000 - 0x00007ffa11717000 	C:\Users\Bluiz\.vscode\extensions\redhat.java-1.15.0-win32-x64\jre\17.0.6-win32-x86_64\bin\jli.dll
0x00007ffa15d10000 - 0x00007ffa15eb1000 	C:\WINDOWS\System32\USER32.dll
0x00007ffa13ad0000 - 0x00007ffa13af2000 	C:\WINDOWS\System32\win32u.dll
0x00007ffa142b0000 - 0x00007ffa142db000 	C:\WINDOWS\System32\GDI32.dll
0x00007ffa13b00000 - 0x00007ffa13c0f000 	C:\WINDOWS\System32\gdi32full.dll
0x00007ffa13ea0000 - 0x00007ffa13f3d000 	C:\WINDOWS\System32\msvcp_win.dll
0x00007ffa11660000 - 0x00007ffa11679000 	C:\Users\Bluiz\.vscode\extensions\redhat.java-1.15.0-win32-x64\jre\17.0.6-win32-x86_64\bin\VCRUNTIME140.dll
0x00007ff9fda70000 - 0x00007ff9fdd0a000 	C:\WINDOWS\WinSxS\amd64_microsoft.windows.common-controls_6595b64144ccf1df_6.0.19041.1110_none_60b5254171f9507e\COMCTL32.dll
0x00007ffa150e0000 - 0x00007ffa1517e000 	C:\WINDOWS\System32\msvcrt.dll
0x00007ffa13ff0000 - 0x00007ffa14022000 	C:\WINDOWS\System32\IMM32.DLL
0x00007ffa116b0000 - 0x00007ffa116bc000 	C:\Users\Bluiz\.vscode\extensions\redhat.java-1.15.0-win32-x64\jre\17.0.6-win32-x86_64\bin\vcruntime140_1.dll
0x00007ff9fd760000 - 0x00007ff9fd7f1000 	C:\Users\Bluiz\.vscode\extensions\redhat.java-1.15.0-win32-x64\jre\17.0.6-win32-x86_64\bin\msvcp140.dll
0x00007ff9dc590000 - 0x00007ff9dd1d7000 	C:\Users\Bluiz\.vscode\extensions\redhat.java-1.15.0-win32-x64\jre\17.0.6-win32-x86_64\bin\server\jvm.dll
0x00007ffa147a0000 - 0x00007ffa1484e000 	C:\WINDOWS\System32\ADVAPI32.dll
0x00007ffa15c70000 - 0x00007ffa15d0c000 	C:\WINDOWS\System32\sechost.dll
0x00007ffa14180000 - 0x00007ffa142a5000 	C:\WINDOWS\System32\RPCRT4.dll
0x00007ff9fe8c0000 - 0x00007ff9fe8e7000 	C:\WINDOWS\SYSTEM32\WINMM.dll
0x00007ffa10be0000 - 0x00007ffa10be9000 	C:\WINDOWS\SYSTEM32\WSOCK32.dll
0x00007ffa151e0000 - 0x00007ffa1524b000 	C:\WINDOWS\System32\WS2_32.dll
0x00007ffa06d50000 - 0x00007ffa06d5a000 	C:\WINDOWS\SYSTEM32\VERSION.dll
0x00007ffa11ef0000 - 0x00007ffa11f02000 	C:\WINDOWS\SYSTEM32\kernel.appcore.dll
0x00007ffa11630000 - 0x00007ffa1163a000 	C:\Users\Bluiz\.vscode\extensions\redhat.java-1.15.0-win32-x64\jre\17.0.6-win32-x86_64\bin\jimage.dll
0x00007ffa105d0000 - 0x00007ffa107b4000 	C:\WINDOWS\SYSTEM32\DBGHELP.DLL
0x00007ffa10ba0000 - 0x00007ffa10bd5000 	C:\WINDOWS\SYSTEM32\dbgcore.DLL
0x00007ffa136a0000 - 0x00007ffa13722000 	C:\WINDOWS\System32\bcryptPrimitives.dll
0x00007ffa11320000 - 0x00007ffa1135b000 	C:\Users\Bluiz\.vscode\extensions\redhat.java-1.15.0-win32-x64\jre\17.0.6-win32-x86_64\bin\jdwp.dll
0x00007ffa114e0000 - 0x00007ffa11505000 	C:\Users\Bluiz\.vscode\extensions\redhat.java-1.15.0-win32-x64\jre\17.0.6-win32-x86_64\bin\java.dll
0x00007ffa115a0000 - 0x00007ffa115b8000 	C:\Users\Bluiz\.vscode\extensions\redhat.java-1.15.0-win32-x64\jre\17.0.6-win32-x86_64\bin\zip.dll
0x00007ffa14850000 - 0x00007ffa14f95000 	C:\WINDOWS\System32\SHELL32.dll
0x00007ffa11740000 - 0x00007ffa11ed2000 	C:\WINDOWS\SYSTEM32\windows.storage.dll
0x00007ffa14440000 - 0x00007ffa14795000 	C:\WINDOWS\System32\combase.dll
0x00007ffa13020000 - 0x00007ffa13050000 	C:\WINDOWS\SYSTEM32\Wldp.dll
0x00007ffa15ec0000 - 0x00007ffa15f6d000 	C:\WINDOWS\System32\SHCORE.dll
0x00007ffa15520000 - 0x00007ffa15575000 	C:\WINDOWS\System32\shlwapi.dll
0x00007ffa135e0000 - 0x00007ffa135ff000 	C:\WINDOWS\SYSTEM32\profapi.dll
0x00007ffa11730000 - 0x00007ffa1173c000 	C:\Users\Bluiz\.vscode\extensions\redhat.java-1.15.0-win32-x64\jre\17.0.6-win32-x86_64\bin\dt_socket.dll
0x00007ffa12a70000 - 0x00007ffa12aab000 	C:\WINDOWS\SYSTEM32\IPHLPAPI.DLL
0x00007ffa12d80000 - 0x00007ffa12dea000 	C:\WINDOWS\system32\mswsock.dll
0x00007ffa12ab0000 - 0x00007ffa12b7b000 	C:\WINDOWS\SYSTEM32\DNSAPI.dll
0x00007ffa15a80000 - 0x00007ffa15a88000 	C:\WINDOWS\System32\NSI.dll
0x00007ffa02130000 - 0x00007ffa0213a000 	C:\Windows\System32\rasadhlp.dll
0x00007ffa02180000 - 0x00007ffa02200000 	C:\WINDOWS\System32\fwpuclnt.dll
0x00007ffa13d10000 - 0x00007ffa13d37000 	C:\WINDOWS\System32\bcrypt.dll
0x00007ffa114c0000 - 0x00007ffa114d9000 	C:\Users\Bluiz\.vscode\extensions\redhat.java-1.15.0-win32-x64\jre\17.0.6-win32-x86_64\bin\net.dll
0x00007ffa09300000 - 0x00007ffa0940c000 	C:\WINDOWS\SYSTEM32\WINHTTP.dll
0x00007ffa114a0000 - 0x00007ffa114b5000 	C:\Users\Bluiz\.vscode\extensions\redhat.java-1.15.0-win32-x64\jre\17.0.6-win32-x86_64\bin\nio.dll
0x00007ffa11490000 - 0x00007ffa114a0000 	C:\Users\Bluiz\.vscode\extensions\redhat.java-1.15.0-win32-x64\jre\17.0.6-win32-x86_64\bin\verify.dll
0x00007ffa11480000 - 0x00007ffa11489000 	C:\Users\Bluiz\.vscode\extensions\redhat.java-1.15.0-win32-x64\jre\17.0.6-win32-x86_64\bin\management.dll
0x00007ffa113a0000 - 0x00007ffa113ab000 	C:\Users\Bluiz\.vscode\extensions\redhat.java-1.15.0-win32-x64\jre\17.0.6-win32-x86_64\bin\management_ext.dll
0x00007ffa15580000 - 0x00007ffa15588000 	C:\WINDOWS\System32\PSAPI.DLL
0x00007ffa10f20000 - 0x00007ffa10f37000 	C:\WINDOWS\system32\napinsp.dll
0x00007ffa10f00000 - 0x00007ffa10f1b000 	C:\WINDOWS\system32\pnrpnsp.dll
0x00007ffa0d340000 - 0x00007ffa0d355000 	C:\WINDOWS\system32\wshbth.dll
0x00007ffa0dc70000 - 0x00007ffa0dc8d000 	C:\WINDOWS\system32\NLAapi.dll
0x00007ffa0d090000 - 0x00007ffa0d0a2000 	C:\WINDOWS\System32\winrnr.dll

dbghelp: loaded successfully - version: 4.0.5 - missing functions: none
symbol engine: initialized successfully - sym options: 0x614 - pdb path: .;C:\Users\Bluiz\.vscode\extensions\redhat.java-1.15.0-win32-x64\jre\17.0.6-win32-x86_64\bin;C:\WINDOWS\SYSTEM32;C:\WINDOWS\WinSxS\amd64_microsoft.windows.common-controls_6595b64144ccf1df_6.0.19041.1110_none_60b5254171f9507e;C:\Users\Bluiz\.vscode\extensions\redhat.java-1.15.0-win32-x64\jre\17.0.6-win32-x86_64\bin\server

VM Arguments:
jvm_args: -agentlib:jdwp=transport=dt_socket,server=n,suspend=y,address=localhost:64339 -XX:+ShowCodeDetailsInExceptionMessages 
java_command: com.devsuperior.dsdeliver.DsdeliverApplication
java_class_path (initial): C:\Users\Bluiz\Documents\Desafio-loja\backend\target\classes;C:\Users\Bluiz\.m2\repository\org\springframework\boot\spring-boot-starter-data-jpa\2.6.6\spring-boot-starter-data-jpa-2.6.6.jar;C:\Users\Bluiz\.m2\repository\org\springframework\boot\spring-boot-starter-aop\2.6.6\spring-boot-starter-aop-2.6.6.jar;C:\Users\Bluiz\.m2\repository\org\aspectj\aspectjweaver\1.9.7\aspectjweaver-1.9.7.jar;C:\Users\Bluiz\.m2\repository\org\springframework\boot\spring-boot-starter-jdbc\2.6.6\spring-boot-starter-jdbc-2.6.6.jar;C:\Users\Bluiz\.m2\repository\com\zaxxer\HikariCP\4.0.3\HikariCP-4.0.3.jar;C:\Users\Bluiz\.m2\repository\org\springframework\spring-jdbc\5.3.18\spring-jdbc-5.3.18.jar;C:\Users\Bluiz\.m2\repository\jakarta\transaction\jakarta.transaction-api\1.3.3\jakarta.transaction-api-1.3.3.jar;C:\Users\Bluiz\.m2\repository\jakarta\persistence\jakarta.persistence-api\2.2.3\jakarta.persistence-api-2.2.3.jar;C:\Users\Bluiz\.m2\repository\org\hibernate\hibernate-core\5.6.7.Final\hibernate-core-5.6.7.Final.jar;C:\Users\Bluiz\.m2\repository\org\jboss\logging\jboss-logging\3.4.3.Final\jboss-logging-3.4.3.Final.jar;C:\Users\Bluiz\.m2\repository\net\bytebuddy\byte-buddy\1.11.22\byte-buddy-1.11.22.jar;C:\Users\Bluiz\.m2\repository\antlr\antlr\2.7.7\antlr-2.7.7.jar;C:\Users\Bluiz\.m2\repository\org\jboss\jandex\2.4.2.Final\jandex-2.4.2.Final.jar;C:\Users\Bluiz\.m2\repository\com\fasterxml\classmate\1.5.1\classmate-1.5.1.jar;C:\Users\Bluiz\.m2\repository\org\hibernate\common\hibernate-commons-annotations\5.1.2.Final\hibernate-commons-annotations-5.1.2.Final.jar;C:\Users\Bluiz\.m2\repository\org\glassfish\jaxb\jaxb-runtime\2.3.6\jaxb-runtime-2.3.6.jar;C:\Users\Bluiz\.m2\repository\org\glassfish\jaxb\txw2\2.3.6\txw2-2.3.6.jar;C:\Users\Bluiz\.m2\repository\com\sun\istack\istack-commons-runtime\3.0.12\istack-commons-runtime-3.0.12.jar;C:\Users\Bluiz\.m2\repository\com\sun\activation\jakarta.activation\1.2.2\jakarta.activation-1.2.2.jar;C:\Users\Bluiz\.m2\reposi
Launcher Type: SUN_STANDARD

[Global flags]
     intx CICompilerCount                          = 3                                         {product} {ergonomic}
     uint ConcGCThreads                            = 1                                         {product} {ergonomic}
     uint G1ConcRefinementThreads                  = 4                                         {product} {ergonomic}
   size_t G1HeapRegionSize                         = 1048576                                   {product} {ergonomic}
    uintx GCDrainStackTargetSize                   = 64                                        {product} {ergonomic}
   size_t InitialHeapSize                          = 134217728                                 {product} {ergonomic}
   size_t MarkStackSize                            = 4194304                                   {product} {ergonomic}
   size_t MaxHeapSize                              = 2126512128                                {product} {ergonomic}
   size_t MaxNewSize                               = 1275068416                                {product} {ergonomic}
   size_t MinHeapDeltaBytes                        = 1048576                                   {product} {ergonomic}
   size_t MinHeapSize                              = 8388608                                   {product} {ergonomic}
    uintx NonNMethodCodeHeapSize                   = 5832780                                {pd product} {ergonomic}
    uintx NonProfiledCodeHeapSize                  = 122912730                              {pd product} {ergonomic}
    uintx ProfiledCodeHeapSize                     = 122912730                              {pd product} {ergonomic}
    uintx ReservedCodeCacheSize                    = 251658240                              {pd product} {ergonomic}
     bool SegmentedCodeCache                       = true                                      {product} {ergonomic}
     bool ShowCodeDetailsInExceptionMessages       = true                                   {manageable} {command line}
   size_t SoftMaxHeapSize                          = 2126512128                             {manageable} {ergonomic}
     bool UseCompressedClassPointers               = true                           {product lp64_product} {ergonomic}
     bool UseCompressedOops                        = true                           {product lp64_product} {ergonomic}
     bool UseG1GC                                  = true                                      {product} {ergonomic}
     bool UseLargePagesIndividualAllocation        = false                                  {pd product} {ergonomic}

Logging:
Log output configuration:
 #0: stdout all=warning uptime,level,tags
 #1: stderr all=off uptime,level,tags

Environment Variables:
PATH=C:\Program Files (x86)\Microsoft SDKs\Azure\CLI2\wbin;C:\Program Files\Eclipse Foundation\jdk-8.0.302.8-hotspot\bin;C:\WINDOWS\system32;C:\WINDOWS;C:\WINDOWS\System32\Wbem;C:\WINDOWS\System32\WindowsPowerShell\v1.0\;C:\WINDOWS\System32\OpenSSH\;C:\Program Files\nodejs\;C:\Program Files\dotnet\;C:\Program Files\Microsoft SQL Server\130\Tools\Binn\;C:\Program Files\Microsoft SQL Server\Client SDK\ODBC\170\Tools\Binn\;C:\Program Files (x86)\Microsoft SQL Server\150\DTS\Binn\;C:\Program Files\Azure Data Studio\bin;C:\Program Files\Git\cmd;C:\Program Files (x86)\Microsoft SQL Server\150\Tools\Binn\;C:\Program Files\Microsoft SQL Server\150\Tools\Binn\;C:\Program Files\Microsoft SQL Server\150\DTS\Binn\;C:\Users\Bluiz\AppData\Local\Programs\Python\Python311\Scripts\;C:\Users\Bluiz\AppData\Local\Programs\Python\Python311\;C:\Users\Bluiz\AppData\Local\Microsoft\WindowsApps;C:\Users\Bluiz\AppData\Roaming\npm;C:\Users\Bluiz\.dotnet\tools;C:\Users\Bluiz\AppData\Local\Programs\Microsoft VS Code\bin;C:\Program Files\Azure Data Studio\bin
USERNAME=Bluiz
LANG=en_US.UTF-8
OS=Windows_NT
PROCESSOR_IDENTIFIER=Intel64 Family 6 Model 61 Stepping 4, GenuineIntel
TMP=C:\Users\Bluiz\AppData\Local\Temp
TEMP=C:\Users\Bluiz\AppData\Local\Temp



---------------  S Y S T E M  ---------------

OS:
 Windows 10 , 64 bit Build 19041 (10.0.19041.2546)
OS uptime: 2 days 17:54 hours

CPU: total 4 (initial active 4) (2 cores per cpu, 2 threads per core) family 6 model 61 stepping 4 microcode 0x2d, cx8, cmov, fxsr, ht, mmx, 3dnowpref, sse, sse2, sse3, ssse3, sse4.1, sse4.2, popcnt, lzcnt, tsc, tscinvbit, avx, avx2, aes, erms, clmul, bmi1, bmi2, adx, fma, vzeroupper, clflush

Memory: 4k page, system-wide physical 8107M (117M free)
TotalPageFile size 32683M (AvailPageFile size 0M)
current process WorkingSet (physical memory assigned to process): 143M, peak: 146M
current process commit charge ("private bytes"): 170M, peak: 247M

vm_info: OpenJDK 64-Bit Server VM (17.0.6+10) for windows-amd64 JRE (17.0.6+10), built on Jan 18 2023 10:08:59 by "temurin" with MS VC++ 16.7 (VS2019)

END.
